#
# There is insufficient memory for the Java Runtime Environment to continue.
# Native memory allocation (malloc) failed to allocate 32744 bytes. Error detail: Chunk::new
# Possible reasons:
#   The system is out of physical RAM or swap space
#   This process is running with CompressedOops enabled, and the Java Heap may be blocking the growth of the native heap
# Possible solutions:
#   Reduce memory load on the system
#   Increase physical memory or swap space
#   Check if swap backing store is full
#   Decrease Java heap size (-Xmx/-Xms)
#   Decrease number of Java threads
#   Decrease Java thread stack sizes (-Xss)
#   Set larger code cache with -XX:ReservedCodeCacheSize=
#   JVM is running with Unscaled Compressed Oops mode in which the Java heap is
#     placed in the first 4GB address space. The Java Heap base address is the
#     maximum limit for the native heap growth. Please use -XX:HeapBaseMinAddress
#     to set the Java Heap base and to place the Java Heap above 4GB virtual address.
# This output file may be truncated or incomplete.
#
#  Out of Memory Error (arena.cpp:168), pid=13524, tid=13508
#
# JRE version: OpenJDK Runtime Environment Temurin-21.0.6+7 (21.0.6+7) (build 21.0.6+7-LTS)
# Java VM: OpenJDK 64-Bit Server VM Temurin-21.0.6+7 (21.0.6+7-LTS, mixed mode, sharing, tiered, compressed oops, compressed class ptrs, g1 gc, windows-amd64)
# No core dump will be written. Minidumps are not enabled by default on client versions of Windows
#

---------------  S U M M A R Y ------------

Command Line: -Dfile.encoding=UTF-8 -Dstdout.encoding=UTF-8 -Dstderr.encoding=UTF-8 -XX:+ShowCodeDetailsInExceptionMessages com.nt.UserLoginPage1RestApiApplication

Host: Intel(R) Core(TM) i5-2430M CPU @ 2.40GHz, 4 cores, 3G,  Windows 10 , 64 bit Build 19041 (10.0.19041.5915)
Time: Sat Oct 25 17:01:45 2025 India Standard Time elapsed time: 1552.697659 seconds (0d 0h 25m 52s)

---------------  T H R E A D  ---------------

Current thread (0x000001ede5e3d5a0):  JavaThread "C2 CompilerThread0" daemon [_thread_in_native, id=13508, stack(0x0000005028b00000,0x0000005028c00000) (1024K)]


Current CompileTask:
C2:1552698 7165       4       sun.security.ec.ECOperations::setSum (685 bytes)

Stack: [0x0000005028b00000,0x0000005028c00000]
Native frames: (J=compiled Java code, j=interpreted, Vv=VM code, C=native code)
V  [jvm.dll+0x6cdee9]
V  [jvm.dll+0x8a83d1]
V  [jvm.dll+0x8aa8fe]
V  [jvm.dll+0x8aafe3]
V  [jvm.dll+0x27f706]
V  [jvm.dll+0xc500d]
V  [jvm.dll+0xc5543]
V  [jvm.dll+0x66c933]
V  [jvm.dll+0x394039]
V  [jvm.dll+0x39c3a2]
V  [jvm.dll+0x6e2f5f]
V  [jvm.dll+0x6e0586]
V  [jvm.dll+0x6dfc1e]
V  [jvm.dll+0x6ddd0c]
V  [jvm.dll+0x1ca62c]
V  [jvm.dll+0x1cb1ac]
V  [jvm.dll+0x2f1cdc]
V  [jvm.dll+0x6e8512]
V  [jvm.dll+0x6e0503]
V  [jvm.dll+0x6dfc1e]
V  [jvm.dll+0x6ddd0c]
V  [jvm.dll+0x1ca62c]
V  [jvm.dll+0x246b3e]
V  [jvm.dll+0x1c75ee]
V  [jvm.dll+0x25685a]
V  [jvm.dll+0x254dfa]
V  [jvm.dll+0x3f0256]
V  [jvm.dll+0x851f8b]
V  [jvm.dll+0x6cc5ed]
C  [ucrtbase.dll+0x21bb2]
C  [KERNEL32.DLL+0x17374]
C  [ntdll.dll+0x4cc91]


---------------  P R O C E S S  ---------------

Threads class SMR info:
_java_thread_list=0x000001ede69ec7c0, length=30, elements={
0x000001ede5e24010, 0x000001ede5e253b0, 0x000001ede5e299f0, 0x000001ede5e2ad90,
0x000001ede5e2d9a0, 0x000001ede5e34650, 0x000001ede5e3d5a0, 0x000001ede5e41e10,
0x000001ede619e010, 0x000001ede61a8040, 0x000001eded1e3110, 0x000001eded1e23f0,
0x000001eded1e16d0, 0x000001eded1e37a0, 0x000001eded1e3e30, 0x000001eded1e1d60,
0x000001eded1e1040, 0x000001eded986af0, 0x000001eded989250, 0x000001eded987180,
0x000001eded988530, 0x000001eded988bc0, 0x000001eded982fe0, 0x000001eded9822c0,
0x000001eded987ea0, 0x000001eded984a20, 0x000001eded9850b0, 0x000001eded9898e0,
0x000001eded983d00, 0x000001eded984390
}

Java Threads: ( => current thread )
  0x000001ede5e24010 JavaThread "Reference Handler"          daemon [_thread_blocked, id=15336, stack(0x0000005028500000,0x0000005028600000) (1024K)]
  0x000001ede5e253b0 JavaThread "Finalizer"                  daemon [_thread_blocked, id=10740, stack(0x0000005028600000,0x0000005028700000) (1024K)]
  0x000001ede5e299f0 JavaThread "Signal Dispatcher"          daemon [_thread_blocked, id=10692, stack(0x0000005028700000,0x0000005028800000) (1024K)]
  0x000001ede5e2ad90 JavaThread "Attach Listener"            daemon [_thread_blocked, id=13292, stack(0x0000005028800000,0x0000005028900000) (1024K)]
  0x000001ede5e2d9a0 JavaThread "Service Thread"             daemon [_thread_blocked, id=14980, stack(0x0000005028900000,0x0000005028a00000) (1024K)]
  0x000001ede5e34650 JavaThread "Monitor Deflation Thread"   daemon [_thread_blocked, id=348, stack(0x0000005028a00000,0x0000005028b00000) (1024K)]
=>0x000001ede5e3d5a0 JavaThread "C2 CompilerThread0"         daemon [_thread_in_native, id=13508, stack(0x0000005028b00000,0x0000005028c00000) (1024K)]
  0x000001ede5e41e10 JavaThread "C1 CompilerThread0"         daemon [_thread_blocked, id=14072, stack(0x0000005028c00000,0x0000005028d00000) (1024K)]
  0x000001ede619e010 JavaThread "Notification Thread"        daemon [_thread_blocked, id=14152, stack(0x0000005028d00000,0x0000005028e00000) (1024K)]
  0x000001ede61a8040 JavaThread "Common-Cleaner"             daemon [_thread_blocked, id=6520, stack(0x0000005028e00000,0x0000005028f00000) (1024K)]
  0x000001eded1e3110 JavaThread "Catalina-utility-1"                [_thread_blocked, id=12752, stack(0x0000005029200000,0x0000005029300000) (1024K)]
  0x000001eded1e23f0 JavaThread "Catalina-utility-2"                [_thread_blocked, id=16220, stack(0x0000005029400000,0x0000005029500000) (1024K)]
  0x000001eded1e16d0 JavaThread "container-0"                       [_thread_blocked, id=13724, stack(0x0000005029500000,0x0000005029600000) (1024K)]
  0x000001eded1e37a0 JavaThread "mysql-cj-abandoned-connection-cleanup" daemon [_thread_blocked, id=7884, stack(0x0000005029600000,0x0000005029700000) (1024K)]
  0x000001eded1e3e30 JavaThread "HikariPool-1:housekeeper"   daemon [_thread_blocked, id=14440, stack(0x0000005029800000,0x0000005029900000) (1024K)]
  0x000001eded1e1d60 JavaThread "http-nio-8080-exec-1"       daemon [_thread_blocked, id=14076, stack(0x0000005029300000,0x0000005029400000) (1024K)]
  0x000001eded1e1040 JavaThread "http-nio-8080-exec-2"       daemon [_thread_blocked, id=13404, stack(0x0000005029a00000,0x0000005029b00000) (1024K)]
  0x000001eded986af0 JavaThread "http-nio-8080-exec-3"       daemon [_thread_blocked, id=15404, stack(0x0000005029b00000,0x0000005029c00000) (1024K)]
  0x000001eded989250 JavaThread "http-nio-8080-exec-4"       daemon [_thread_blocked, id=14244, stack(0x0000005029c00000,0x0000005029d00000) (1024K)]
  0x000001eded987180 JavaThread "http-nio-8080-exec-5"       daemon [_thread_blocked, id=6484, stack(0x0000005029d00000,0x0000005029e00000) (1024K)]
  0x000001eded988530 JavaThread "http-nio-8080-exec-6"       daemon [_thread_blocked, id=14920, stack(0x0000005029e00000,0x0000005029f00000) (1024K)]
  0x000001eded988bc0 JavaThread "http-nio-8080-exec-7"       daemon [_thread_blocked, id=10936, stack(0x0000005029f00000,0x000000502a000000) (1024K)]
  0x000001eded982fe0 JavaThread "http-nio-8080-exec-8"       daemon [_thread_blocked, id=14452, stack(0x000000502a000000,0x000000502a100000) (1024K)]
  0x000001eded9822c0 JavaThread "http-nio-8080-exec-9"       daemon [_thread_blocked, id=11012, stack(0x000000502a100000,0x000000502a200000) (1024K)]
  0x000001eded987ea0 JavaThread "http-nio-8080-exec-10"      daemon [_thread_blocked, id=11628, stack(0x000000502a200000,0x000000502a300000) (1024K)]
  0x000001eded984a20 JavaThread "http-nio-8080-Poller"       daemon [_thread_in_native, id=4972, stack(0x000000502a300000,0x000000502a400000) (1024K)]
  0x000001eded9850b0 JavaThread "http-nio-8080-Acceptor"     daemon [_thread_in_native, id=9364, stack(0x000000502a400000,0x000000502a500000) (1024K)]
  0x000001eded9898e0 JavaThread "DestroyJavaVM"                     [_thread_blocked, id=10328, stack(0x0000005027d00000,0x0000005027e00000) (1024K)]
  0x000001eded983d00 JavaThread "HikariPool-1:connection-closer" daemon [_thread_blocked, id=17516, stack(0x0000005027a00000,0x0000005027b00000) (1024K)]
  0x000001eded984390 JavaThread "HikariPool-1:connection-adder" daemon [_thread_in_native, id=16784, stack(0x0000005027b00000,0x0000005027c00000) (1024K)]
Total: 30

Other Threads:
  0x000001edcdad1430 VMThread "VM Thread"                           [id=13152, stack(0x0000005028400000,0x0000005028500000) (1024K)]
  0x000001ede5dfec20 WatcherThread "VM Periodic Task Thread"        [id=15308, stack(0x0000005028300000,0x0000005028400000) (1024K)]
  0x000001edcdad0210 WorkerThread "GC Thread#0"                     [id=1588, stack(0x0000005027e00000,0x0000005027f00000) (1024K)]
  0x000001edcdacfe70 WorkerThread "GC Thread#1"                     [id=11212, stack(0x0000005028f00000,0x0000005029000000) (1024K)]
  0x000001edcdad17d0 WorkerThread "GC Thread#2"                     [id=13452, stack(0x0000005029000000,0x0000005029100000) (1024K)]
  0x000001ede68d81c0 WorkerThread "GC Thread#3"                     [id=14200, stack(0x0000005029100000,0x0000005029200000) (1024K)]
  0x000001edcfee21f0 ConcurrentGCThread "G1 Main Marker"            [id=14620, stack(0x0000005027f00000,0x0000005028000000) (1024K)]
  0x000001edcdad1090 WorkerThread "G1 Conc#0"                       [id=11752, stack(0x0000005028000000,0x0000005028100000) (1024K)]
  0x000001ede5ccf2d0 ConcurrentGCThread "G1 Refine#0"               [id=10956, stack(0x0000005028100000,0x0000005028200000) (1024K)]
  0x000001ede5cd05a0 ConcurrentGCThread "G1 Service"                [id=4176, stack(0x0000005028200000,0x0000005028300000) (1024K)]
Total: 10

Threads with active compile tasks:
C2 CompilerThread0  1552959 7165       4       sun.security.ec.ECOperations::setSum (685 bytes)
Total: 1

VM state: not at safepoint (normal execution)

VM Mutex/Monitor currently owned by a thread: None

Heap address: 0x00000000c1600000, size: 1002 MB, Compressed Oops mode: 32-bit

CDS archive(s) mapped at: [0x000001ed80000000-0x000001ed80c80000-0x000001ed80c80000), size 13107200, SharedBaseAddress: 0x000001ed80000000, ArchiveRelocationMode: 1.
Compressed class space mapped at: 0x000001ed81000000-0x000001edc1000000, reserved size: 1073741824
Narrow klass base: 0x000001ed80000000, Narrow klass shift: 0, Narrow klass range: 0x100000000

GC Precious Log:
 CardTable entry size: 512
 Card Set container configuration: InlinePtr #cards 5 size 8 Array Of Cards #cards 12 size 40 Howl #buckets 4 coarsen threshold 1843 Howl Bitmap #cards 512 size 80 coarsen threshold 460 Card regions per heap region 1 cards per card region 2048
 CPUs: 4 total, 4 available
 Memory: 4006M
 Large Page Support: Disabled
 NUMA Support: Disabled
 Compressed Oops: Enabled (32-bit)
 Heap Region Size: 1M
 Heap Min Capacity: 8M
 Heap Initial Capacity: 64M
 Heap Max Capacity: 1002M
 Pre-touch: Disabled
 Parallel Workers: 4
 Concurrent Workers: 1
 Concurrent Refinement Workers: 4
 Periodic GC: Disabled

Heap:
 garbage-first heap   total 66560K, used 51357K [0x00000000c1600000, 0x0000000100000000)
  region size 1024K, 21 young (21504K), 3 survivors (3072K)
 Metaspace       used 78172K, committed 78976K, reserved 1179648K
  class space    used 10452K, committed 10816K, reserved 1048576K

Heap Regions: E=young(eden), S=young(survivor), O=old, HS=humongous(starts), HC=humongous(continues), CS=collection set, F=free, TAMS=top-at-mark-start, PB=parsable bottom
|   0|0x00000000c1600000, 0x00000000c1700000, 0x00000000c1700000|100%|HS|  |TAMS 0x00000000c1600000| PB 0x00000000c1600000| Complete 
|   1|0x00000000c1700000, 0x00000000c1800000, 0x00000000c1800000|100%|HS|  |TAMS 0x00000000c1700000| PB 0x00000000c1700000| Complete 
|   2|0x00000000c1800000, 0x00000000c1900000, 0x00000000c1900000|100%| O|  |TAMS 0x00000000c1800000| PB 0x00000000c1800000| Untracked 
|   3|0x00000000c1900000, 0x00000000c1a00000, 0x00000000c1a00000|100%| O|  |TAMS 0x00000000c1900000| PB 0x00000000c1900000| Untracked 
|   4|0x00000000c1a00000, 0x00000000c1b00000, 0x00000000c1b00000|100%| O|  |TAMS 0x00000000c1a00000| PB 0x00000000c1a00000| Untracked 
|   5|0x00000000c1b00000, 0x00000000c1c00000, 0x00000000c1c00000|100%| O|  |TAMS 0x00000000c1b00000| PB 0x00000000c1b00000| Untracked 
|   6|0x00000000c1c00000, 0x00000000c1d00000, 0x00000000c1d00000|100%| O|  |TAMS 0x00000000c1c00000| PB 0x00000000c1c00000| Untracked 
|   7|0x00000000c1d00000, 0x00000000c1e00000, 0x00000000c1e00000|100%| O|  |TAMS 0x00000000c1d00000| PB 0x00000000c1d00000| Untracked 
|   8|0x00000000c1e00000, 0x00000000c1f00000, 0x00000000c1f00000|100%| O|  |TAMS 0x00000000c1e00000| PB 0x00000000c1e00000| Untracked 
|   9|0x00000000c1f00000, 0x00000000c2000000, 0x00000000c2000000|100%| O|  |TAMS 0x00000000c1f00000| PB 0x00000000c1f00000| Untracked 
|  10|0x00000000c2000000, 0x00000000c2100000, 0x00000000c2100000|100%| O|  |TAMS 0x00000000c2000000| PB 0x00000000c2000000| Untracked 
|  11|0x00000000c2100000, 0x00000000c2200000, 0x00000000c2200000|100%| O|  |TAMS 0x00000000c2100000| PB 0x00000000c2100000| Untracked 
|  12|0x00000000c2200000, 0x00000000c2300000, 0x00000000c2300000|100%| O|  |TAMS 0x00000000c2200000| PB 0x00000000c2200000| Untracked 
|  13|0x00000000c2300000, 0x00000000c2400000, 0x00000000c2400000|100%| O|  |TAMS 0x00000000c2300000| PB 0x00000000c2300000| Untracked 
|  14|0x00000000c2400000, 0x00000000c2500000, 0x00000000c2500000|100%| O|  |TAMS 0x00000000c2400000| PB 0x00000000c2400000| Untracked 
|  15|0x00000000c2500000, 0x00000000c2600000, 0x00000000c2600000|100%| O|  |TAMS 0x00000000c2500000| PB 0x00000000c2500000| Untracked 
|  16|0x00000000c2600000, 0x00000000c2700000, 0x00000000c2700000|100%| O|  |TAMS 0x00000000c2600000| PB 0x00000000c2600000| Untracked 
|  17|0x00000000c2700000, 0x00000000c2800000, 0x00000000c2800000|100%| O|  |TAMS 0x00000000c2700000| PB 0x00000000c2700000| Untracked 
|  18|0x00000000c2800000, 0x00000000c2900000, 0x00000000c2900000|100%| O|  |TAMS 0x00000000c2800000| PB 0x00000000c2800000| Untracked 
|  19|0x00000000c2900000, 0x00000000c2a00000, 0x00000000c2a00000|100%| O|  |TAMS 0x00000000c2900000| PB 0x00000000c2900000| Untracked 
|  20|0x00000000c2a00000, 0x00000000c2b00000, 0x00000000c2b00000|100%| O|  |TAMS 0x00000000c2a00000| PB 0x00000000c2a00000| Untracked 
|  21|0x00000000c2b00000, 0x00000000c2c00000, 0x00000000c2c00000|100%| O|  |TAMS 0x00000000c2b00000| PB 0x00000000c2b00000| Untracked 
|  22|0x00000000c2c00000, 0x00000000c2d00000, 0x00000000c2d00000|100%| O|  |TAMS 0x00000000c2c00000| PB 0x00000000c2c00000| Untracked 
|  23|0x00000000c2d00000, 0x00000000c2e00000, 0x00000000c2e00000|100%| O|  |TAMS 0x00000000c2d00000| PB 0x00000000c2d00000| Untracked 
|  24|0x00000000c2e00000, 0x00000000c2f00000, 0x00000000c2f00000|100%| O|  |TAMS 0x00000000c2e00000| PB 0x00000000c2e00000| Untracked 
|  25|0x00000000c2f00000, 0x00000000c3000000, 0x00000000c3000000|100%| O|  |TAMS 0x00000000c2f00000| PB 0x00000000c2f00000| Untracked 
|  26|0x00000000c3000000, 0x00000000c3100000, 0x00000000c3100000|100%| O|  |TAMS 0x00000000c3000000| PB 0x00000000c3000000| Untracked 
|  27|0x00000000c3100000, 0x00000000c3200000, 0x00000000c3200000|100%| O|  |TAMS 0x00000000c3100000| PB 0x00000000c3100000| Untracked 
|  28|0x00000000c3200000, 0x00000000c3300000, 0x00000000c3300000|100%| O|  |TAMS 0x00000000c3200000| PB 0x00000000c3200000| Untracked 
|  29|0x00000000c3300000, 0x00000000c3400000, 0x00000000c3400000|100%| O|  |TAMS 0x00000000c3300000| PB 0x00000000c3300000| Untracked 
|  30|0x00000000c3400000, 0x00000000c3500000, 0x00000000c3500000|100%| O|  |TAMS 0x00000000c3400000| PB 0x00000000c3400000| Untracked 
|  31|0x00000000c3500000, 0x00000000c35418f8, 0x00000000c3600000| 25%| O|  |TAMS 0x00000000c3500000| PB 0x00000000c3500000| Untracked 
|  32|0x00000000c3600000, 0x00000000c3600000, 0x00000000c3700000|  0%| F|  |TAMS 0x00000000c3600000| PB 0x00000000c3600000| Untracked 
|  33|0x00000000c3700000, 0x00000000c3700000, 0x00000000c3800000|  0%| F|  |TAMS 0x00000000c3700000| PB 0x00000000c3700000| Untracked 
|  34|0x00000000c3800000, 0x00000000c3800000, 0x00000000c3900000|  0%| F|  |TAMS 0x00000000c3800000| PB 0x00000000c3800000| Untracked 
|  35|0x00000000c3900000, 0x00000000c3900000, 0x00000000c3a00000|  0%| F|  |TAMS 0x00000000c3900000| PB 0x00000000c3900000| Untracked 
|  36|0x00000000c3a00000, 0x00000000c3a00000, 0x00000000c3b00000|  0%| F|  |TAMS 0x00000000c3a00000| PB 0x00000000c3a00000| Untracked 
|  37|0x00000000c3b00000, 0x00000000c3be5d08, 0x00000000c3c00000| 89%| S|CS|TAMS 0x00000000c3b00000| PB 0x00000000c3b00000| Complete 
|  38|0x00000000c3c00000, 0x00000000c3d00000, 0x00000000c3d00000|100%| S|CS|TAMS 0x00000000c3c00000| PB 0x00000000c3c00000| Complete 
|  39|0x00000000c3d00000, 0x00000000c3e00000, 0x00000000c3e00000|100%| S|CS|TAMS 0x00000000c3d00000| PB 0x00000000c3d00000| Complete 
|  40|0x00000000c3e00000, 0x00000000c3e00000, 0x00000000c3f00000|  0%| F|  |TAMS 0x00000000c3e00000| PB 0x00000000c3e00000| Untracked 
|  41|0x00000000c3f00000, 0x00000000c3f00000, 0x00000000c4000000|  0%| F|  |TAMS 0x00000000c3f00000| PB 0x00000000c3f00000| Untracked 
|  42|0x00000000c4000000, 0x00000000c4000000, 0x00000000c4100000|  0%| F|  |TAMS 0x00000000c4000000| PB 0x00000000c4000000| Untracked 
|  43|0x00000000c4100000, 0x00000000c4100000, 0x00000000c4200000|  0%| F|  |TAMS 0x00000000c4100000| PB 0x00000000c4100000| Untracked 
|  44|0x00000000c4200000, 0x00000000c4200000, 0x00000000c4300000|  0%| F|  |TAMS 0x00000000c4200000| PB 0x00000000c4200000| Untracked 
|  45|0x00000000c4300000, 0x00000000c4300000, 0x00000000c4400000|  0%| F|  |TAMS 0x00000000c4300000| PB 0x00000000c4300000| Untracked 
|  46|0x00000000c4400000, 0x00000000c4400000, 0x00000000c4500000|  0%| F|  |TAMS 0x00000000c4400000| PB 0x00000000c4400000| Untracked 
|  47|0x00000000c4500000, 0x00000000c454c418, 0x00000000c4600000| 29%| E|  |TAMS 0x00000000c4500000| PB 0x00000000c4500000| Complete 
|  48|0x00000000c4600000, 0x00000000c4700000, 0x00000000c4700000|100%| E|  |TAMS 0x00000000c4600000| PB 0x00000000c4600000| Complete 
|  49|0x00000000c4700000, 0x00000000c4800000, 0x00000000c4800000|100%| E|CS|TAMS 0x00000000c4700000| PB 0x00000000c4700000| Complete 
|  50|0x00000000c4800000, 0x00000000c4900000, 0x00000000c4900000|100%| E|CS|TAMS 0x00000000c4800000| PB 0x00000000c4800000| Complete 
|  51|0x00000000c4900000, 0x00000000c4a00000, 0x00000000c4a00000|100%| E|CS|TAMS 0x00000000c4900000| PB 0x00000000c4900000| Complete 
|  52|0x00000000c4a00000, 0x00000000c4b00000, 0x00000000c4b00000|100%| E|CS|TAMS 0x00000000c4a00000| PB 0x00000000c4a00000| Complete 
|  53|0x00000000c4b00000, 0x00000000c4c00000, 0x00000000c4c00000|100%| E|CS|TAMS 0x00000000c4b00000| PB 0x00000000c4b00000| Complete 
|  54|0x00000000c4c00000, 0x00000000c4d00000, 0x00000000c4d00000|100%| E|CS|TAMS 0x00000000c4c00000| PB 0x00000000c4c00000| Complete 
|  55|0x00000000c4d00000, 0x00000000c4e00000, 0x00000000c4e00000|100%| E|CS|TAMS 0x00000000c4d00000| PB 0x00000000c4d00000| Complete 
|  56|0x00000000c4e00000, 0x00000000c4f00000, 0x00000000c4f00000|100%| E|CS|TAMS 0x00000000c4e00000| PB 0x00000000c4e00000| Complete 
|  57|0x00000000c4f00000, 0x00000000c5000000, 0x00000000c5000000|100%| E|CS|TAMS 0x00000000c4f00000| PB 0x00000000c4f00000| Complete 
|  58|0x00000000c5000000, 0x00000000c5100000, 0x00000000c5100000|100%| E|CS|TAMS 0x00000000c5000000| PB 0x00000000c5000000| Complete 
|  59|0x00000000c5100000, 0x00000000c5200000, 0x00000000c5200000|100%| E|CS|TAMS 0x00000000c5100000| PB 0x00000000c5100000| Complete 
|  60|0x00000000c5200000, 0x00000000c5300000, 0x00000000c5300000|100%| E|CS|TAMS 0x00000000c5200000| PB 0x00000000c5200000| Complete 
|  61|0x00000000c5300000, 0x00000000c5400000, 0x00000000c5400000|100%| E|CS|TAMS 0x00000000c5300000| PB 0x00000000c5300000| Complete 
|  62|0x00000000c5400000, 0x00000000c5500000, 0x00000000c5500000|100%| E|CS|TAMS 0x00000000c5400000| PB 0x00000000c5400000| Complete 
|  63|0x00000000c5500000, 0x00000000c5600000, 0x00000000c5600000|100%| E|CS|TAMS 0x00000000c5500000| PB 0x00000000c5500000| Complete 
|  64|0x00000000c5600000, 0x00000000c5700000, 0x00000000c5700000|100%| E|CS|TAMS 0x00000000c5600000| PB 0x00000000c5600000| Complete 

Card table byte_map: [0x000001ede29c0000,0x000001ede2bc0000] _byte_map_base: 0x000001ede23b5000

Marking Bits: (CMBitMap*) 0x000001edcfed8e10
 Bits: [0x000001ede2bc0000, 0x000001ede3b68000)

Polling page: 0x000001edcdaa0000

Metaspace:

Usage:
  Non-class:     66.13 MB used.
      Class:     10.21 MB used.
       Both:     76.34 MB used.

Virtual space:
  Non-class space:      128.00 MB reserved,      66.56 MB ( 52%) committed,  2 nodes.
      Class space:        1.00 GB reserved,      10.56 MB (  1%) committed,  1 nodes.
             Both:        1.12 GB reserved,      77.12 MB (  7%) committed. 

Chunk freelists:
   Non-Class:  13.41 MB
       Class:  5.44 MB
        Both:  18.84 MB

MaxMetaspaceSize: unlimited
CompressedClassSpaceSize: 1.00 GB
Initial GC threshold: 21.00 MB
Current GC threshold: 99.31 MB
CDS: on
 - commit_granule_bytes: 65536.
 - commit_granule_words: 8192.
 - virtual_space_node_default_size: 8388608.
 - enlarge_chunks_in_place: 1.
 - use_allocation_guard: 0.


Internal statistics:

num_allocs_failed_limit: 12.
num_arena_births: 1180.
num_arena_deaths: 0.
num_vsnodes_births: 3.
num_vsnodes_deaths: 0.
num_space_committed: 1233.
num_space_uncommitted: 0.
num_chunks_returned_to_freelist: 12.
num_chunks_taken_from_freelist: 3948.
num_chunk_merges: 12.
num_chunk_splits: 2779.
num_chunks_enlarged: 2156.
num_inconsistent_stats: 0.

CodeHeap 'non-profiled nmethods': size=120000Kb used=3991Kb max_used=3991Kb free=116008Kb
 bounds [0x000001eddb290000, 0x000001eddb680000, 0x000001ede27c0000]
CodeHeap 'profiled nmethods': size=120000Kb used=12370Kb max_used=12370Kb free=107629Kb
 bounds [0x000001edd37c0000, 0x000001edd43e0000, 0x000001eddacf0000]
CodeHeap 'non-nmethods': size=5760Kb used=1753Kb max_used=1773Kb free=4006Kb
 bounds [0x000001eddacf0000, 0x000001eddaf60000, 0x000001eddb290000]
 total_blobs=7233 nmethods=6465 adapters=672
 compilation: enabled
              stopped_count=0, restarted_count=0
 full_count=0

Compilation events (20 events):
Event: 1529.176 Thread 0x000001ede5e41e10 nmethod 7155 0x000001edd43c2890 code [0x000001edd43c2a60, 0x000001edd43c2cb0]
Event: 1529.177 Thread 0x000001ede5e41e10 7156       3       com.mysql.cj.util.StringUtils::toString (11 bytes)
Event: 1529.177 Thread 0x000001ede5e41e10 nmethod 7156 0x000001edd43c2e10 code [0x000001edd43c2fc0, 0x000001edd43c3158]
Event: 1529.220 Thread 0x000001ede5e41e10 7157   !   3       com.mysql.cj.protocol.a.NativeProtocol::send (136 bytes)
Event: 1529.244 Thread 0x000001ede5e41e10 nmethod 7157 0x000001edd43c3210 code [0x000001edd43c3480, 0x000001edd43c4358]
Event: 1529.244 Thread 0x000001ede5e41e10 7158       3       com.mysql.cj.protocol.a.SimplePacketSender::send (75 bytes)
Event: 1529.248 Thread 0x000001ede5e41e10 nmethod 7158 0x000001edd43c4990 code [0x000001edd43c4be0, 0x000001edd43c5250]
Event: 1529.248 Thread 0x000001ede5e41e10 7159       3       com.mysql.cj.protocol.a.PacketSplitter::<init> (20 bytes)
Event: 1529.249 Thread 0x000001ede5e41e10 nmethod 7159 0x000001edd43c5510 code [0x000001edd43c56c0, 0x000001edd43c5838]
Event: 1539.649 Thread 0x000001ede5e41e10 7160       3       java.util.concurrent.ScheduledThreadPoolExecutor$ScheduledFutureTask::compareTo (101 bytes)
Event: 1539.657 Thread 0x000001ede5e41e10 nmethod 7160 0x000001edd43c5910 code [0x000001edd43c5b40, 0x000001edd43c6258]
Event: 1548.728 Thread 0x000001ede5e3d5a0 7161       4       java.util.concurrent.CopyOnWriteArrayList::iterator (13 bytes)
Event: 1548.806 Thread 0x000001ede5e3d5a0 nmethod 7161 0x000001eddb675010 code [0x000001eddb6751a0, 0x000001eddb675318]
Event: 1549.719 Thread 0x000001ede5e3d5a0 7162   !   4       java.util.concurrent.locks.AbstractQueuedSynchronizer::tryInitializeHead (66 bytes)
Event: 1549.741 Thread 0x000001ede5e3d5a0 nmethod 7162 0x000001eddb675410 code [0x000001eddb6755a0, 0x000001eddb675890]
Event: 1551.321 Thread 0x000001ede5e41e10 7163   !   3       com.mysql.cj.protocol.a.NativeProtocol::checkErrorMessage (69 bytes)
Event: 1551.344 Thread 0x000001ede5e41e10 nmethod 7163 0x000001edd43c6410 code [0x000001edd43c6600, 0x000001edd43c6ba0]
Event: 1552.360 Thread 0x000001ede5e41e10 7164       1       java.security.spec.ECParameterSpec::getOrder (5 bytes)
Event: 1552.371 Thread 0x000001ede5e41e10 nmethod 7164 0x000001eddb675990 code [0x000001eddb675b20, 0x000001eddb675be8]
Event: 1552.595 Thread 0x000001ede5e3d5a0 7165       4       sun.security.ec.ECOperations::setSum (685 bytes)

GC Heap History (20 events):
Event: 5.971 GC heap before
{Heap before GC invocations=6 (full 0):
 garbage-first heap   total 55296K, used 46531K [0x00000000c1600000, 0x0000000100000000)
  region size 1024K, 32 young (32768K), 2 survivors (2048K)
 Metaspace       used 25396K, committed 25792K, reserved 1114112K
  class space    used 3175K, committed 3392K, reserved 1048576K
}
Event: 5.984 GC heap after
{Heap after GC invocations=7 (full 0):
 garbage-first heap   total 55296K, used 18222K [0x00000000c1600000, 0x0000000100000000)
  region size 1024K, 4 young (4096K), 4 survivors (4096K)
 Metaspace       used 25396K, committed 25792K, reserved 1114112K
  class space    used 3175K, committed 3392K, reserved 1048576K
}
Event: 7.677 GC heap before
{Heap before GC invocations=7 (full 0):
 garbage-first heap   total 55296K, used 43822K [0x00000000c1600000, 0x0000000100000000)
  region size 1024K, 30 young (30720K), 4 survivors (4096K)
 Metaspace       used 31227K, committed 31808K, reserved 1114112K
  class space    used 3967K, committed 4224K, reserved 1048576K
}
Event: 7.699 GC heap after
{Heap after GC invocations=8 (full 0):
 garbage-first heap   total 55296K, used 21131K [0x00000000c1600000, 0x0000000100000000)
  region size 1024K, 3 young (3072K), 3 survivors (3072K)
 Metaspace       used 31227K, committed 31808K, reserved 1114112K
  class space    used 3967K, committed 4224K, reserved 1048576K
}
Event: 8.630 GC heap before
{Heap before GC invocations=8 (full 0):
 garbage-first heap   total 55296K, used 36491K [0x00000000c1600000, 0x0000000100000000)
  region size 1024K, 20 young (20480K), 3 survivors (3072K)
 Metaspace       used 35386K, committed 35968K, reserved 1114112K
  class space    used 4540K, committed 4800K, reserved 1048576K
}
Event: 8.638 GC heap after
{Heap after GC invocations=9 (full 0):
 garbage-first heap   total 55296K, used 22948K [0x00000000c1600000, 0x0000000100000000)
  region size 1024K, 2 young (2048K), 2 survivors (2048K)
 Metaspace       used 35386K, committed 35968K, reserved 1114112K
  class space    used 4540K, committed 4800K, reserved 1048576K
}
Event: 9.796 GC heap before
{Heap before GC invocations=10 (full 0):
 garbage-first heap   total 55296K, used 45476K [0x00000000c1600000, 0x0000000100000000)
  region size 1024K, 25 young (25600K), 2 survivors (2048K)
 Metaspace       used 42807K, committed 43328K, reserved 1114112K
  class space    used 5588K, committed 5824K, reserved 1048576K
}
Event: 9.803 GC heap after
{Heap after GC invocations=11 (full 0):
 garbage-first heap   total 55296K, used 25415K [0x00000000c1600000, 0x0000000100000000)
  region size 1024K, 4 young (4096K), 4 survivors (4096K)
 Metaspace       used 42807K, committed 43328K, reserved 1114112K
  class space    used 5588K, committed 5824K, reserved 1048576K
}
Event: 11.086 GC heap before
{Heap before GC invocations=11 (full 0):
 garbage-first heap   total 55296K, used 45895K [0x00000000c1600000, 0x0000000100000000)
  region size 1024K, 25 young (25600K), 4 survivors (4096K)
 Metaspace       used 50933K, committed 51584K, reserved 1114112K
  class space    used 6564K, committed 6848K, reserved 1048576K
}
Event: 11.095 GC heap after
{Heap after GC invocations=12 (full 0):
 garbage-first heap   total 55296K, used 26567K [0x00000000c1600000, 0x0000000100000000)
  region size 1024K, 2 young (2048K), 2 survivors (2048K)
 Metaspace       used 50933K, committed 51584K, reserved 1114112K
  class space    used 6564K, committed 6848K, reserved 1048576K
}
Event: 11.887 GC heap before
{Heap before GC invocations=12 (full 0):
 garbage-first heap   total 55296K, used 47047K [0x00000000c1600000, 0x0000000100000000)
  region size 1024K, 23 young (23552K), 2 survivors (2048K)
 Metaspace       used 57937K, committed 58560K, reserved 1114112K
  class space    used 7637K, committed 7936K, reserved 1048576K
}
Event: 11.892 GC heap after
{Heap after GC invocations=13 (full 0):
 garbage-first heap   total 55296K, used 27659K [0x00000000c1600000, 0x0000000100000000)
  region size 1024K, 2 young (2048K), 2 survivors (2048K)
 Metaspace       used 57937K, committed 58560K, reserved 1114112K
  class space    used 7637K, committed 7936K, reserved 1048576K
}
Event: 12.170 GC heap before
{Heap before GC invocations=13 (full 0):
 garbage-first heap   total 55296K, used 32779K [0x00000000c1600000, 0x0000000100000000)
  region size 1024K, 9 young (9216K), 2 survivors (2048K)
 Metaspace       used 59900K, committed 60480K, reserved 1114112K
  class space    used 7908K, committed 8192K, reserved 1048576K
}
Event: 12.173 GC heap after
{Heap after GC invocations=14 (full 0):
 garbage-first heap   total 55296K, used 27804K [0x00000000c1600000, 0x0000000100000000)
  region size 1024K, 2 young (2048K), 2 survivors (2048K)
 Metaspace       used 59900K, committed 60480K, reserved 1114112K
  class space    used 7908K, committed 8192K, reserved 1048576K
}
Event: 13.856 GC heap before
{Heap before GC invocations=15 (full 0):
 garbage-first heap   total 55296K, used 47260K [0x00000000c1600000, 0x0000000100000000)
  region size 1024K, 22 young (22528K), 2 survivors (2048K)
 Metaspace       used 63896K, committed 64576K, reserved 1114112K
  class space    used 8534K, committed 8832K, reserved 1048576K
}
Event: 13.864 GC heap after
{Heap after GC invocations=16 (full 0):
 garbage-first heap   total 66560K, used 29650K [0x00000000c1600000, 0x0000000100000000)
  region size 1024K, 3 young (3072K), 3 survivors (3072K)
 Metaspace       used 63896K, committed 64576K, reserved 1114112K
  class space    used 8534K, committed 8832K, reserved 1048576K
}
Event: 14.933 GC heap before
{Heap before GC invocations=16 (full 0):
 garbage-first heap   total 66560K, used 59346K [0x00000000c1600000, 0x0000000100000000)
  region size 1024K, 32 young (32768K), 3 survivors (3072K)
 Metaspace       used 68858K, committed 69632K, reserved 1114112K
  class space    used 9209K, committed 9536K, reserved 1048576K
}
Event: 14.945 GC heap after
{Heap after GC invocations=17 (full 0):
 garbage-first heap   total 66560K, used 32058K [0x00000000c1600000, 0x0000000100000000)
  region size 1024K, 4 young (4096K), 4 survivors (4096K)
 Metaspace       used 68858K, committed 69632K, reserved 1114112K
  class space    used 9209K, committed 9536K, reserved 1048576K
}
Event: 84.377 GC heap before
{Heap before GC invocations=17 (full 0):
 garbage-first heap   total 66560K, used 57658K [0x00000000c1600000, 0x0000000100000000)
  region size 1024K, 29 young (29696K), 4 survivors (4096K)
 Metaspace       used 73726K, committed 74432K, reserved 1114112K
  class space    used 9865K, committed 10176K, reserved 1048576K
}
Event: 84.390 GC heap after
{Heap after GC invocations=18 (full 0):
 garbage-first heap   total 66560K, used 34973K [0x00000000c1600000, 0x0000000100000000)
  region size 1024K, 3 young (3072K), 3 survivors (3072K)
 Metaspace       used 73726K, committed 74432K, reserved 1114112K
  class space    used 9865K, committed 10176K, reserved 1048576K
}

Dll operation events (11 events):
Event: 0.015 Loaded shared library C:\eclipse\plugins\org.eclipse.justj.openjdk.hotspot.jre.full.win32.x86_64_21.0.6.v20250130-0529\jre\bin\java.dll
Event: 0.056 Loaded shared library C:\eclipse\plugins\org.eclipse.justj.openjdk.hotspot.jre.full.win32.x86_64_21.0.6.v20250130-0529\jre\bin\zip.dll
Event: 0.201 Loaded shared library C:\eclipse\plugins\org.eclipse.justj.openjdk.hotspot.jre.full.win32.x86_64_21.0.6.v20250130-0529\jre\bin\net.dll
Event: 0.204 Loaded shared library C:\eclipse\plugins\org.eclipse.justj.openjdk.hotspot.jre.full.win32.x86_64_21.0.6.v20250130-0529\jre\bin\nio.dll
Event: 0.209 Loaded shared library C:\eclipse\plugins\org.eclipse.justj.openjdk.hotspot.jre.full.win32.x86_64_21.0.6.v20250130-0529\jre\bin\zip.dll
Event: 0.450 Loaded shared library C:\eclipse\plugins\org.eclipse.justj.openjdk.hotspot.jre.full.win32.x86_64_21.0.6.v20250130-0529\jre\bin\jimage.dll
Event: 2.979 Loaded shared library C:\eclipse\plugins\org.eclipse.justj.openjdk.hotspot.jre.full.win32.x86_64_21.0.6.v20250130-0529\jre\bin\sunmscapi.dll
Event: 7.155 Loaded shared library C:\eclipse\plugins\org.eclipse.justj.openjdk.hotspot.jre.full.win32.x86_64_21.0.6.v20250130-0529\jre\bin\management.dll
Event: 7.163 Loaded shared library C:\eclipse\plugins\org.eclipse.justj.openjdk.hotspot.jre.full.win32.x86_64_21.0.6.v20250130-0529\jre\bin\management_ext.dll
Event: 8.896 Loaded shared library C:\eclipse\plugins\org.eclipse.justj.openjdk.hotspot.jre.full.win32.x86_64_21.0.6.v20250130-0529\jre\bin\verify.dll
Event: 9.600 Loaded shared library C:\eclipse\plugins\org.eclipse.justj.openjdk.hotspot.jre.full.win32.x86_64_21.0.6.v20250130-0529\jre\bin\extnet.dll

Deoptimization events (20 events):
Event: 84.996 Thread 0x000001eded1e1040 DEOPT PACKING pc=0x000001edd42f9686 sp=0x0000005029afa0f0
Event: 84.996 Thread 0x000001eded1e1040 DEOPT UNPACKING pc=0x000001eddad44e42 sp=0x0000005029af95d0 mode 0
Event: 84.998 Thread 0x000001eded1e1040 DEOPT PACKING pc=0x000001edd42f9686 sp=0x0000005029afa0f0
Event: 84.998 Thread 0x000001eded1e1040 DEOPT UNPACKING pc=0x000001eddad44e42 sp=0x0000005029af95d0 mode 0
Event: 84.999 Thread 0x000001eded1e1040 DEOPT PACKING pc=0x000001edd42f9686 sp=0x0000005029afa0f0
Event: 84.999 Thread 0x000001eded1e1040 DEOPT UNPACKING pc=0x000001eddad44e42 sp=0x0000005029af95d0 mode 0
Event: 85.000 Thread 0x000001eded1e1040 DEOPT PACKING pc=0x000001edd42f9686 sp=0x0000005029afa0f0
Event: 85.000 Thread 0x000001eded1e1040 DEOPT UNPACKING pc=0x000001eddad44e42 sp=0x0000005029af95d0 mode 0
Event: 85.001 Thread 0x000001eded1e1040 DEOPT PACKING pc=0x000001edd42f9686 sp=0x0000005029afa0f0
Event: 85.001 Thread 0x000001eded1e1040 DEOPT UNPACKING pc=0x000001eddad44e42 sp=0x0000005029af95d0 mode 0
Event: 85.002 Thread 0x000001eded1e1040 DEOPT PACKING pc=0x000001edd42f9686 sp=0x0000005029afa0f0
Event: 85.002 Thread 0x000001eded1e1040 DEOPT UNPACKING pc=0x000001eddad44e42 sp=0x0000005029af95d0 mode 0
Event: 1436.997 Thread 0x000001eded983670 DEOPT PACKING pc=0x000001edd37cc7b7 sp=0x0000005027bfda10
Event: 1436.999 Thread 0x000001eded983670 DEOPT UNPACKING pc=0x000001eddad44e42 sp=0x0000005027bfce88 mode 0
Event: 1475.236 Thread 0x000001eded982950 DEOPT PACKING pc=0x000001edd38e3206 sp=0x0000005027bfd710
Event: 1475.238 Thread 0x000001eded982950 DEOPT UNPACKING pc=0x000001eddad44e42 sp=0x0000005027bfcb90 mode 0
Event: 1518.652 Thread 0x000001eded1e23f0 Uncommon trap: trap_request=0xffffff45 fr.pc=0x000001eddb6635ec relative=0x00000000000000cc
Event: 1518.661 Thread 0x000001eded1e23f0 Uncommon trap: reason=unstable_if action=reinterpret pc=0x000001eddb6635ec method=java.util.concurrent.ScheduledThreadPoolExecutor$ScheduledFutureTask.compareTo(Ljava/util/concurrent/Delayed;)I @ 40 c2
Event: 1518.664 Thread 0x000001eded1e23f0 DEOPT PACKING pc=0x000001eddb6635ec sp=0x00000050294ff150
Event: 1518.668 Thread 0x000001eded1e23f0 DEOPT UNPACKING pc=0x000001eddad446a2 sp=0x00000050294ff0d8 mode 2

Classes loaded (20 events):
Event: 84.737 Loading class java/io/PushbackInputStream
Event: 84.737 Loading class java/io/PushbackInputStream done
Event: 84.739 Loading class java/util/OptionalInt
Event: 84.740 Loading class java/util/OptionalInt done
Event: 84.740 Loading class java/util/OptionalLong
Event: 84.740 Loading class java/util/OptionalLong done
Event: 84.740 Loading class java/util/OptionalDouble
Event: 84.740 Loading class java/util/OptionalDouble done
Event: 84.748 Loading class org/w3c/dom/Node
Event: 84.749 Loading class org/w3c/dom/Node done
Event: 84.749 Loading class org/w3c/dom/Document
Event: 84.750 Loading class org/w3c/dom/Document done
Event: 1435.690 Loading class sun/security/ssl/Alert
Event: 1436.025 Loading class sun/security/ssl/Alert done
Event: 1436.070 Loading class sun/security/ssl/Alert$AlertConsumer
Event: 1436.137 Loading class sun/security/ssl/Alert$AlertConsumer done
Event: 1436.140 Loading class sun/security/ssl/Alert$Level
Event: 1436.151 Loading class sun/security/ssl/Alert$Level done
Event: 1436.225 Loading class sun/net/ConnectionResetException
Event: 1436.240 Loading class sun/net/ConnectionResetException done

Classes unloaded (0 events):
No events

Classes redefined (0 events):
No events

Internal exceptions (20 events):
Event: 15.601 Thread 0x000001edcfea1950 Exception <a 'java/lang/IncompatibleClassChangeError'{0x00000000c46ab138}: Found class java.lang.Object, but interface was expected> (0x00000000c46ab138) 
thrown [s\src\hotspot\share\interpreter\linkResolver.cpp, line 840]
Event: 15.608 Thread 0x000001edcfea1950 Exception <a 'java/lang/NoSuchMethodError'{0x00000000c46d5c20}: 'java.lang.Object java.lang.invoke.DirectMethodHandle$Holder.newInvokeSpecial(java.lang.Object, java.lang.Object, int, java.lang.Object, java.lang.Object)'> (0x00000000c46d5c20) 
thrown [s\src\hotspot\share\interpreter\linkResolver.cpp, line 773]
Event: 15.697 Thread 0x000001edcfea1950 Exception <a 'java/lang/IncompatibleClassChangeError'{0x00000000c430d2e0}: Found class java.lang.Object, but interface was expected> (0x00000000c430d2e0) 
thrown [s\src\hotspot\share\interpreter\linkResolver.cpp, line 840]
Event: 84.341 Thread 0x000001eded9850b0 Exception <a 'java/lang/NoSuchMethodError'{0x00000000c3e6ba58}: 'java.lang.Object java.lang.invoke.DirectMethodHandle$Holder.invokeStatic(java.lang.Object, java.lang.Object, java.lang.Object, int, int)'> (0x00000000c3e6ba58) 
thrown [s\src\hotspot\share\interpreter\linkResolver.cpp, line 773]
Event: 84.341 Thread 0x000001eded9850b0 Exception <a 'java/lang/NoSuchMethodError'{0x00000000c3e6f228}: 'java.lang.Object java.lang.invoke.DirectMethodHandle$Holder.invokeStaticInit(java.lang.Object, java.lang.Object, java.lang.Object, int, int)'> (0x00000000c3e6f228) 
thrown [s\src\hotspot\share\interpreter\linkResolver.cpp, line 773]
Event: 84.412 Thread 0x000001ede619e010 Exception <a 'java/lang/NoSuchMethodError'{0x00000000c562ff90}: 'long java.lang.invoke.DirectMethodHandle$Holder.invokeStatic(java.lang.Object, java.lang.Object, java.lang.Object)'> (0x00000000c562ff90) 
thrown [s\src\hotspot\share\interpreter\linkResolver.cpp, line 773]
Event: 84.426 Thread 0x000001eded1e1d60 Exception <a 'java/lang/NoSuchMethodError'{0x00000000c552aa18}: 'java.lang.Object java.lang.invoke.DirectMethodHandle$Holder.invokeSpecial(java.lang.Object, java.lang.Object, java.lang.Object, java.lang.Object, java.lang.Object, long)'> (0x00000000c552aa18) 
thrown [s\src\hotspot\share\interpreter\linkResolver.cpp, line 773]
Event: 84.426 Thread 0x000001eded1e1d60 Exception <a 'java/lang/NoSuchMethodError'{0x00000000c552e438}: 'java.lang.Object java.lang.invoke.Invokers$Holder.linkToTargetMethod(java.lang.Object, java.lang.Object, java.lang.Object, long, java.lang.Object)'> (0x00000000c552e438) 
thrown [s\src\hotspot\share\interpreter\linkResolver.cpp, line 773]
Event: 85.414 Thread 0x000001eded1e1040 Exception <a 'java/lang/NoSuchMethodError'{0x00000000c4b22678}: 'int java.lang.invoke.DirectMethodHandle$Holder.invokeStatic(java.lang.Object, java.lang.Object, int, int)'> (0x00000000c4b22678) 
thrown [s\src\hotspot\share\interpreter\linkResolver.cpp, line 773]
Event: 85.447 Thread 0x000001eded1e1040 Exception <a 'java/lang/NoSuchMethodError'{0x00000000c4bb77c0}: 'java.lang.Object java.lang.invoke.DirectMethodHandle$Holder.invokeInterface(java.lang.Object, java.lang.Object, java.lang.Object, java.lang.Object)'> (0x00000000c4bb77c0) 
thrown [s\src\hotspot\share\interpreter\linkResolver.cpp, line 773]
Event: 85.475 Thread 0x000001eded1e1040 Exception <a 'java/lang/NoSuchMethodError'{0x00000000c4a57f80}: 'void java.lang.invoke.Invokers$Holder.invokeExact_MT(java.lang.Object, java.lang.Object, int, java.lang.Object)'> (0x00000000c4a57f80) 
thrown [s\src\hotspot\share\interpreter\linkResolver.cpp, line 773]
Event: 85.489 Thread 0x000001eded1e1040 Exception <a 'java/lang/NoSuchMethodError'{0x00000000c4a9a3a0}: 'java.lang.Object java.lang.invoke.DirectMethodHandle$Holder.newInvokeSpecial(java.lang.Object, java.lang.Object, java.lang.Object, long)'> (0x00000000c4a9a3a0) 
thrown [s\src\hotspot\share\interpreter\linkResolver.cpp, line 773]
Event: 85.490 Thread 0x000001eded1e1040 Exception <a 'java/lang/NoSuchMethodError'{0x00000000c4a9efa8}: 'java.lang.Object java.lang.invoke.DirectMethodHandle$Holder.invokeSpecial(java.lang.Object, java.lang.Object, java.lang.Object, java.lang.Object, long)'> (0x00000000c4a9efa8) 
thrown [s\src\hotspot\share\interpreter\linkResolver.cpp, line 773]
Event: 85.490 Thread 0x000001eded1e1040 Exception <a 'java/lang/NoSuchMethodError'{0x00000000c4aa3438}: 'java.lang.Object java.lang.invoke.Invokers$Holder.linkToTargetMethod(java.lang.Object, java.lang.Object, long, java.lang.Object)'> (0x00000000c4aa3438) 
thrown [s\src\hotspot\share\interpreter\linkResolver.cpp, line 773]
Event: 1436.171 Thread 0x000001eded982950 Exception <a 'java/io/IOException'{0x00000000c48f4cb8}> (0x00000000c48f4cb8) 
thrown [s\src\hotspot\share\prims\jni.cpp, line 520]
Event: 1436.224 Thread 0x000001eded982950 Exception <a 'java/io/IOException'{0x00000000c48f60d0}> (0x00000000c48f60d0) 
thrown [s\src\hotspot\share\prims\jni.cpp, line 520]
Event: 1475.094 Thread 0x000001eded985740 Exception <a 'java/io/IOException'{0x00000000c47d77f8}> (0x00000000c47d77f8) 
thrown [s\src\hotspot\share\prims\jni.cpp, line 520]
Event: 1475.097 Thread 0x000001eded985740 Exception <a 'java/io/IOException'{0x00000000c47d8418}> (0x00000000c47d8418) 
thrown [s\src\hotspot\share\prims\jni.cpp, line 520]
Event: 1524.463 Thread 0x000001eded984390 Exception <a 'java/io/IOException'{0x00000000c466b338}> (0x00000000c466b338) 
thrown [s\src\hotspot\share\prims\jni.cpp, line 520]
Event: 1525.041 Thread 0x000001eded984390 Exception <a 'java/io/IOException'{0x00000000c466bf58}> (0x00000000c466bf58) 
thrown [s\src\hotspot\share\prims\jni.cpp, line 520]

ZGC Phase Switch (0 events):
No events

VM Operations (20 events):
Event: 1376.686 Executing VM operation: Cleanup
Event: 1376.686 Executing VM operation: Cleanup done
Event: 1437.166 Executing VM operation: Cleanup
Event: 1437.291 Executing VM operation: Cleanup done
Event: 1453.413 Executing VM operation: Cleanup
Event: 1453.413 Executing VM operation: Cleanup done
Event: 1475.538 Executing VM operation: Cleanup
Event: 1475.538 Executing VM operation: Cleanup done
Event: 1522.906 Executing VM operation: Cleanup
Event: 1522.910 Executing VM operation: Cleanup done
Event: 1525.974 Executing VM operation: Cleanup
Event: 1526.157 Executing VM operation: Cleanup done
Event: 1527.161 Executing VM operation: Cleanup
Event: 1528.128 Executing VM operation: Cleanup done
Event: 1531.147 Executing VM operation: Cleanup
Event: 1531.417 Executing VM operation: Cleanup done
Event: 1535.456 Executing VM operation: Cleanup
Event: 1535.456 Executing VM operation: Cleanup done
Event: 1552.607 Executing VM operation: Cleanup
Event: 1552.624 Executing VM operation: Cleanup done

Memory protections (0 events):
No events

Nmethod flushes (20 events):
Event: 12.247 Thread 0x000001edcdad1430 flushing  nmethod 0x000001edd3e26c90
Event: 12.247 Thread 0x000001edcdad1430 flushing  nmethod 0x000001edd3e29190
Event: 12.247 Thread 0x000001edcdad1430 flushing  nmethod 0x000001edd3e29690
Event: 12.247 Thread 0x000001edcdad1430 flushing  nmethod 0x000001edd3e2e390
Event: 12.247 Thread 0x000001edcdad1430 flushing  nmethod 0x000001edd3e2fc10
Event: 12.247 Thread 0x000001edcdad1430 flushing  nmethod 0x000001edd3e48e10
Event: 12.247 Thread 0x000001edcdad1430 flushing  nmethod 0x000001edd3e4bf90
Event: 12.247 Thread 0x000001edcdad1430 flushing  nmethod 0x000001edd3e4c810
Event: 12.247 Thread 0x000001edcdad1430 flushing  nmethod 0x000001edd3e4d110
Event: 12.247 Thread 0x000001edcdad1430 flushing  nmethod 0x000001edd3e7f310
Event: 12.247 Thread 0x000001edcdad1430 flushing  nmethod 0x000001edd3eaf290
Event: 12.247 Thread 0x000001edcdad1430 flushing  nmethod 0x000001edd3eafd10
Event: 12.247 Thread 0x000001edcdad1430 flushing  nmethod 0x000001edd3eea790
Event: 12.247 Thread 0x000001edcdad1430 flushing  nmethod 0x000001edd3f04490
Event: 12.247 Thread 0x000001edcdad1430 flushing  nmethod 0x000001edd3f12710
Event: 12.247 Thread 0x000001edcdad1430 flushing  nmethod 0x000001edd3f12a90
Event: 12.247 Thread 0x000001edcdad1430 flushing  nmethod 0x000001edd3f13390
Event: 12.247 Thread 0x000001edcdad1430 flushing  nmethod 0x000001edd3fbef90
Event: 12.247 Thread 0x000001edcdad1430 flushing  nmethod 0x000001edd3fbf510
Event: 12.247 Thread 0x000001edcdad1430 flushing  nmethod 0x000001edd3fbfe90

Events (20 events):
Event: 84.487 Thread 0x000001ede5e41e10 Thread added: 0x000001edec36aca0
Event: 84.851 Thread 0x000001edec36aca0 Thread exited: 0x000001edec36aca0
Event: 1435.602 Thread 0x000001eded1e3e30 Thread added: 0x000001eded982950
Event: 1436.320 Thread 0x000001eded982950 Thread added: 0x000001eded983670
Event: 1441.337 Thread 0x000001eded982950 Thread exited: 0x000001eded982950
Event: 1442.447 Thread 0x000001eded983670 Thread exited: 0x000001eded983670
Event: 1452.879 Thread 0x000001eded1e3e30 Thread added: 0x000001eded985740
Event: 1453.066 Thread 0x000001eded985740 Thread added: 0x000001eded986460
Event: 1458.068 Thread 0x000001eded985740 Thread exited: 0x000001eded985740
Event: 1458.508 Thread 0x000001eded986460 Thread exited: 0x000001eded986460
Event: 1474.947 Thread 0x000001eded1e3e30 Thread added: 0x000001eded985740
Event: 1475.109 Thread 0x000001eded985740 Thread added: 0x000001eded982950
Event: 1480.133 Thread 0x000001eded985740 Thread exited: 0x000001eded985740
Event: 1480.404 Thread 0x000001eded982950 Thread exited: 0x000001eded982950
Event: 1522.762 Thread 0x000001eded1e3e30 Thread added: 0x000001eded984390
Event: 1525.062 Thread 0x000001eded984390 Thread added: 0x000001eded983670
Event: 1531.442 Thread 0x000001eded984390 Thread exited: 0x000001eded984390
Event: 1534.353 Thread 0x000001eded983670 Thread exited: 0x000001eded983670
Event: 1548.267 Thread 0x000001eded1e3e30 Thread added: 0x000001eded983d00
Event: 1549.597 Thread 0x000001eded983d00 Thread added: 0x000001eded984390


Dynamic libraries:
0x00007ff728360000 - 0x00007ff72836e000 	C:\eclipse\plugins\org.eclipse.justj.openjdk.hotspot.jre.full.win32.x86_64_21.0.6.v20250130-0529\jre\bin\javaw.exe
0x00007ffec3f50000 - 0x00007ffec4148000 	C:\WINDOWS\SYSTEM32\ntdll.dll
0x00007ffec2db0000 - 0x00007ffec2e72000 	C:\WINDOWS\System32\KERNEL32.DLL
0x00007ffec1ab0000 - 0x00007ffec1da6000 	C:\WINDOWS\System32\KERNELBASE.dll
0x00007ffec19b0000 - 0x00007ffec1ab0000 	C:\WINDOWS\System32\ucrtbase.dll
0x00007ffebb4f0000 - 0x00007ffebb508000 	C:\eclipse\plugins\org.eclipse.justj.openjdk.hotspot.jre.full.win32.x86_64_21.0.6.v20250130-0529\jre\bin\jli.dll
0x00007ffeb37f0000 - 0x00007ffeb380e000 	C:\eclipse\plugins\org.eclipse.justj.openjdk.hotspot.jre.full.win32.x86_64_21.0.6.v20250130-0529\jre\bin\VCRUNTIME140.dll
0x00007ffec3cd0000 - 0x00007ffec3e71000 	C:\WINDOWS\System32\USER32.dll
0x00007ffec1db0000 - 0x00007ffec1dd2000 	C:\WINDOWS\System32\win32u.dll
0x00007ffec2c90000 - 0x00007ffec2cbb000 	C:\WINDOWS\System32\GDI32.dll
0x00007ffeb5580000 - 0x00007ffeb581b000 	C:\WINDOWS\WinSxS\amd64_microsoft.windows.common-controls_6595b64144ccf1df_6.0.19041.6456_none_60b8a6cb71f64256\COMCTL32.dll
0x00007ffec15b0000 - 0x00007ffec16c9000 	C:\WINDOWS\System32\gdi32full.dll
0x00007ffec18e0000 - 0x00007ffec197d000 	C:\WINDOWS\System32\msvcp_win.dll
0x00007ffec2b80000 - 0x00007ffec2c1e000 	C:\WINDOWS\System32\msvcrt.dll
0x00007ffec2b50000 - 0x00007ffec2b7f000 	C:\WINDOWS\System32\IMM32.DLL
0x00007ffec0f30000 - 0x00007ffec0f66000 	C:\WINDOWS\system32\DriverStore\FileRepository\nvam.inf_amd64_1aae4f19e68d0780\nvinitx.dll
0x00007ffec2e80000 - 0x00007ffec2f31000 	C:\WINDOWS\System32\ADVAPI32.dll
0x00007ffec3c30000 - 0x00007ffec3ccf000 	C:\WINDOWS\System32\sechost.dll
0x00007ffec0f20000 - 0x00007ffec0f2a000 	C:\WINDOWS\SYSTEM32\VERSION.dll
0x00007ffec2880000 - 0x00007ffec29a0000 	C:\WINDOWS\System32\RPCRT4.dll
0x00007ffec1980000 - 0x00007ffec19a7000 	C:\WINDOWS\System32\bcrypt.dll
0x00007ffec3400000 - 0x00007ffec3b70000 	C:\WINDOWS\System32\Shell32.dll
0x00007ffebf5d0000 - 0x00007ffebfd75000 	C:\WINDOWS\SYSTEM32\windows.storage.dll
0x00007ffec30a0000 - 0x00007ffec33f4000 	C:\WINDOWS\System32\combase.dll
0x00007ffec0f90000 - 0x00007ffec0fbb000 	C:\WINDOWS\SYSTEM32\Wldp.dll
0x00007ffec2720000 - 0x00007ffec27ed000 	C:\WINDOWS\System32\OLEAUT32.dll
0x00007ffec3b70000 - 0x00007ffec3c1d000 	C:\WINDOWS\System32\SHCORE.dll
0x00007ffec2fc0000 - 0x00007ffec301b000 	C:\WINDOWS\System32\shlwapi.dll
0x0000000057100000 - 0x0000000057106000 	C:\Program Files\NVIDIA Corporation\CoProcManager\_etoured.dll
0x00007ffeb4830000 - 0x00007ffeb4873000 	C:\Program Files\NVIDIA Corporation\CoProcManager\nvd3d9wrapx.dll
0x00007ffec22b0000 - 0x00007ffec2720000 	C:\WINDOWS\System32\SETUPAPI.dll
0x00007ffec16d0000 - 0x00007ffec171e000 	C:\WINDOWS\System32\cfgmgr32.dll
0x00007ffebabf0000 - 0x00007ffebac1d000 	C:\Program Files\NVIDIA Corporation\CoProcManager\nvdxgiwrapx.dll
0x00007ffeb5850000 - 0x00007ffeb585c000 	C:\eclipse\plugins\org.eclipse.justj.openjdk.hotspot.jre.full.win32.x86_64_21.0.6.v20250130-0529\jre\bin\vcruntime140_1.dll
0x00007ffe95050000 - 0x00007ffe950dd000 	C:\eclipse\plugins\org.eclipse.justj.openjdk.hotspot.jre.full.win32.x86_64_21.0.6.v20250130-0529\jre\bin\msvcp140.dll
0x00007ffe86310000 - 0x00007ffe870a0000 	C:\eclipse\plugins\org.eclipse.justj.openjdk.hotspot.jre.full.win32.x86_64_21.0.6.v20250130-0529\jre\bin\server\jvm.dll
0x00007ffec1ff0000 - 0x00007ffec205b000 	C:\WINDOWS\System32\WS2_32.dll
0x00007ffec0fc0000 - 0x00007ffec100b000 	C:\WINDOWS\SYSTEM32\POWRPROF.dll
0x00007ffeb8760000 - 0x00007ffeb8787000 	C:\WINDOWS\SYSTEM32\WINMM.dll
0x00007ffec0f70000 - 0x00007ffec0f82000 	C:\WINDOWS\SYSTEM32\UMPDC.dll
0x00007ffebf3d0000 - 0x00007ffebf3e2000 	C:\WINDOWS\SYSTEM32\kernel.appcore.dll
0x00007ffebde60000 - 0x00007ffebde6a000 	C:\eclipse\plugins\org.eclipse.justj.openjdk.hotspot.jre.full.win32.x86_64_21.0.6.v20250130-0529\jre\bin\jimage.dll
0x00007ffeafe60000 - 0x00007ffeb0061000 	C:\WINDOWS\SYSTEM32\DBGHELP.DLL
0x00007ffeb0950000 - 0x00007ffeb0984000 	C:\WINDOWS\SYSTEM32\dbgcore.DLL
0x000001edcdc90000 - 0x000001edcdd12000 	C:\WINDOWS\System32\bcryptPrimitives.dll
0x00007ffebb4d0000 - 0x00007ffebb4ef000 	C:\eclipse\plugins\org.eclipse.justj.openjdk.hotspot.jre.full.win32.x86_64_21.0.6.v20250130-0529\jre\bin\java.dll
0x00007ffec14e0000 - 0x00007ffec1504000 	C:\WINDOWS\SYSTEM32\profapi.dll
0x00007ffeb7710000 - 0x00007ffeb7728000 	C:\eclipse\plugins\org.eclipse.justj.openjdk.hotspot.jre.full.win32.x86_64_21.0.6.v20250130-0529\jre\bin\zip.dll
0x00007ffebb530000 - 0x00007ffebb540000 	C:\eclipse\plugins\org.eclipse.justj.openjdk.hotspot.jre.full.win32.x86_64_21.0.6.v20250130-0529\jre\bin\net.dll
0x00007ffeb8e00000 - 0x00007ffeb8f0a000 	C:\WINDOWS\SYSTEM32\WINHTTP.dll
0x00007ffec0c80000 - 0x00007ffec0cea000 	C:\WINDOWS\system32\mswsock.dll
0x00007ffeb6b60000 - 0x00007ffeb6b76000 	C:\eclipse\plugins\org.eclipse.justj.openjdk.hotspot.jre.full.win32.x86_64_21.0.6.v20250130-0529\jre\bin\nio.dll
0x00007ffeb6b50000 - 0x00007ffeb6b5e000 	C:\eclipse\plugins\org.eclipse.justj.openjdk.hotspot.jre.full.win32.x86_64_21.0.6.v20250130-0529\jre\bin\sunmscapi.dll
0x00007ffec1de0000 - 0x00007ffec1f3d000 	C:\WINDOWS\System32\CRYPT32.dll
0x00007ffec1050000 - 0x00007ffec1077000 	C:\WINDOWS\SYSTEM32\ncrypt.dll
0x00007ffec1010000 - 0x00007ffec104b000 	C:\WINDOWS\SYSTEM32\NTASN1.dll
0x00007ffec0e70000 - 0x00007ffec0e88000 	C:\WINDOWS\SYSTEM32\CRYPTSP.dll
0x00007ffec0530000 - 0x00007ffec0568000 	C:\WINDOWS\system32\rsaenh.dll
0x00007ffec14a0000 - 0x00007ffec14ce000 	C:\WINDOWS\SYSTEM32\USERENV.dll
0x00007ffec0e90000 - 0x00007ffec0e9c000 	C:\WINDOWS\SYSTEM32\CRYPTBASE.dll
0x00007ffec08f0000 - 0x00007ffec092b000 	C:\WINDOWS\SYSTEM32\IPHLPAPI.DLL
0x00007ffec3c20000 - 0x00007ffec3c28000 	C:\WINDOWS\System32\NSI.dll
0x00007ffeb5360000 - 0x00007ffeb536a000 	C:\eclipse\plugins\org.eclipse.justj.openjdk.hotspot.jre.full.win32.x86_64_21.0.6.v20250130-0529\jre\bin\management.dll
0x00007ffeb3730000 - 0x00007ffeb373b000 	C:\eclipse\plugins\org.eclipse.justj.openjdk.hotspot.jre.full.win32.x86_64_21.0.6.v20250130-0529\jre\bin\management_ext.dll
0x00007ffec2c80000 - 0x00007ffec2c88000 	C:\WINDOWS\System32\PSAPI.DLL
0x00007ffeb8790000 - 0x00007ffeb87a0000 	C:\eclipse\plugins\org.eclipse.justj.openjdk.hotspot.jre.full.win32.x86_64_21.0.6.v20250130-0529\jre\bin\verify.dll
0x00007ffec0930000 - 0x00007ffec09fa000 	C:\WINDOWS\SYSTEM32\DNSAPI.dll
0x00007ffeb2920000 - 0x00007ffeb292a000 	C:\Windows\System32\rasadhlp.dll
0x00007ffeb29e0000 - 0x00007ffeb2a60000 	C:\WINDOWS\System32\fwpuclnt.dll
0x00007ffeb4540000 - 0x00007ffeb4549000 	C:\eclipse\plugins\org.eclipse.justj.openjdk.hotspot.jre.full.win32.x86_64_21.0.6.v20250130-0529\jre\bin\extnet.dll
0x00007ffe93300000 - 0x00007ffe93307000 	C:\WINDOWS\system32\wshunix.dll

dbghelp: loaded successfully - version: 4.0.5 - missing functions: none
symbol engine: initialized successfully - sym options: 0x614 - pdb path: .;C:\eclipse\plugins\org.eclipse.justj.openjdk.hotspot.jre.full.win32.x86_64_21.0.6.v20250130-0529\jre\bin;C:\WINDOWS\SYSTEM32;C:\WINDOWS\WinSxS\amd64_microsoft.windows.common-controls_6595b64144ccf1df_6.0.19041.6456_none_60b8a6cb71f64256;C:\WINDOWS\system32\DriverStore\FileRepository\nvam.inf_amd64_1aae4f19e68d0780;C:\Program Files\NVIDIA Corporation\CoProcManager;C:\eclipse\plugins\org.eclipse.justj.openjdk.hotspot.jre.full.win32.x86_64_21.0.6.v20250130-0529\jre\bin\server

VM Arguments:
jvm_args: -Dfile.encoding=UTF-8 -Dstdout.encoding=UTF-8 -Dstderr.encoding=UTF-8 -XX:+ShowCodeDetailsInExceptionMessages 
java_command: com.nt.UserLoginPage1RestApiApplication
java_class_path (initial): C:\Workspace2\UserLoginPage1_RestAPI\target\classes;C:\Users\Asus\.m2\repository\org\springframework\boot\spring-boot-starter-data-jpa\3.5.6\spring-boot-starter-data-jpa-3.5.6.jar;C:\Users\Asus\.m2\repository\org\springframework\boot\spring-boot-starter-jdbc\3.5.6\spring-boot-starter-jdbc-3.5.6.jar;C:\Users\Asus\.m2\repository\com\zaxxer\HikariCP\6.3.3\HikariCP-6.3.3.jar;C:\Users\Asus\.m2\repository\org\springframework\spring-jdbc\6.2.11\spring-jdbc-6.2.11.jar;C:\Users\Asus\.m2\repository\org\hibernate\orm\hibernate-core\6.6.29.Final\hibernate-core-6.6.29.Final.jar;C:\Users\Asus\.m2\repository\jakarta\persistence\jakarta.persistence-api\3.1.0\jakarta.persistence-api-3.1.0.jar;C:\Users\Asus\.m2\repository\jakarta\transaction\jakarta.transaction-api\2.0.1\jakarta.transaction-api-2.0.1.jar;C:\Users\Asus\.m2\repository\org\jboss\logging\jboss-logging\3.6.1.Final\jboss-logging-3.6.1.Final.jar;C:\Users\Asus\.m2\repository\org\hibernate\common\hibernate-commons-annotations\7.0.3.Final\hibernate-commons-annotations-7.0.3.Final.jar;C:\Users\Asus\.m2\repository\io\smallrye\jandex\3.2.0\jandex-3.2.0.jar;C:\Users\Asus\.m2\repository\com\fasterxml\classmate\1.7.0\classmate-1.7.0.jar;C:\Users\Asus\.m2\repository\net\bytebuddy\byte-buddy\1.17.7\byte-buddy-1.17.7.jar;C:\Users\Asus\.m2\repository\org\glassfish\jaxb\jaxb-runtime\4.0.5\jaxb-runtime-4.0.5.jar;C:\Users\Asus\.m2\repository\org\glassfish\jaxb\jaxb-core\4.0.5\jaxb-core-4.0.5.jar;C:\Users\Asus\.m2\repository\org\eclipse\angus\angus-activation\2.0.2\angus-activation-2.0.2.jar;C:\Users\Asus\.m2\repository\org\glassfish\jaxb\txw2\4.0.5\txw2-4.0.5.jar;C:\Users\Asus\.m2\repository\com\sun\istack\istack-commons-runtime\4.1.2\istack-commons-runtime-4.1.2.jar;C:\Users\Asus\.m2\repository\jakarta\inject\jakarta.inject-api\2.0.1\jakarta.inject-api-2.0.1.jar;C:\Users\Asus\.m2\repository\org\antlr\antlr4-runtime\4.13.0\antlr4-runtime-4.13.0.jar;C:\Users\Asus\.m2\repository\org\springframework\data\spring-data-jpa\3.5.4\spring-data-jpa-3.5.4.jar;C:\Users\Asus\.m2\repository\org\springframework\data\spring-data-commons\3.5.4\spring-data-commons-3.5.4.jar;C:\Users\Asus\.m2\repository\org\springframework\spring-orm\6.2.11\spring-orm-6.2.11.jar;C:\Users\Asus\.m2\repository\org\springframework\spring-context\6.2.11\spring-context-6.2.11.jar;C:\Users\Asus\.m2\repository\org\springframework\spring-tx\6.2.11\spring-tx-6.2.11.jar;C:\Users\Asus\.m2\repository\org\springframework\spring-beans\6.2.11\spring-beans-6.2.11.jar;C:\Users\Asus\.m2\repository\org\slf4j\slf4j-api\2.0.17\slf4j-api-2.0.17.jar;C:\Users\Asus\.m2\repository\org\springframework\spring-aspects\6.2.11\spring-aspects-6.2.11.jar;C:\Users\Asus\.m2\repository\org\aspectj\aspectjweaver\1.9.24\aspectjweaver-1.9.24.jar;C:\Users\Asus\.m2\repository\org\springframework\boot\spring-boot-starter-web\3.5.6\spring-boot-starter-web-3.5.6.jar;C:\Users\Asus\.m2\repository\org\springframework\boot\spring-boot-starter-json\3.5.6\spring-boot-starter-json-3.5.6.jar;C:\Users\Asus\.m2\repository\com\fasterxml\jackson\core\jackson-databind\2.19.2\jackson-databind-2.19.2.jar;C:\Users\Asus\.m2\repository\com\fasterxml\jackson\core\jackson-annotations\2.19.2\jackson-annotations-2.19.2.jar;C:\Users\Asus\.m2\repository\com\fasterxml\jackson\core\jackson-core\2.19.2\jackson-core-2.19.2.jar;C:\Users\Asus\.m2\repository\com\fasterxml\jackson\datatype\jackson-datatype-jdk8\2.19.2\jackson-datatype-jdk8-2.19.2.jar;C:\Users\Asus\.m2\repository\com\fasterxml\jackson\datatype\jackson-datatype-jsr310\2.19.2\jackson-datatype-jsr310-2.19.2.jar;C:\Users\Asus\.m2\repository\com\fasterxml\jackson\module\jackson-module-parameter-names\2.19.2\jackson-module-parameter-names-2.19.2.jar;C:\Users\Asus\.m2\repository\org\springframework\boot\spring-boot-starter-tomcat\3.5.6\spring-boot-starter-tomcat-3.5.6.jar;C:\Users\Asus\.m2\repository\org\apache\tomcat\embed\tomcat-embed-core\10.1.46\tomcat-embed-core-10.1.46.jar;C:\Users\Asus\.m2\repository\org\apache\tomcat\embed\tomcat-embed-el\10.1.46\tomcat-embed-el-10.1.46.jar;C:\Users\Asus\.m2\repository\org\apache\tomcat\embed\tomcat-embed-websocket\10.1.46\tomcat-embed-websocket-10.1.46.jar;C:\Users\Asus\.m2\repository\org\springframework\spring-web\6.2.11\spring-web-6.2.11.jar;C:\Users\Asus\.m2\repository\org\springframework\spring-webmvc\6.2.11\spring-webmvc-6.2.11.jar;C:\Users\Asus\.m2\repository\org\springframework\spring-expression\6.2.11\spring-expression-6.2.11.jar;C:\Users\Asus\.m2\repository\com\mysql\mysql-connector-j\9.4.0\mysql-connector-j-9.4.0.jar;C:\Users\Asus\.m2\repository\org\projectlombok\lombok\1.18.40\lombok-1.18.40.jar;C:\Users\Asus\.m2\repository\jakarta\xml\bind\jakarta.xml.bind-api\4.0.2\jakarta.xml.bind-api-4.0.2.jar;C:\Users\Asus\.m2\repository\jakarta\activation\jakarta.activation-api\2.1.4\jakarta.activation-api-2.1.4.jar;C:\Users\Asus\.m2\repository\org\springframework\spring-core\6.2.11\spring-core-6.2.11.jar;C:\Users\Asus\.m2\repository\org\springframework\spring-jcl\6.2.11\spring-jcl-6.2.11.jar;C:\Users\Asus\.m2\repository\org\springframework\boot\spring-boot-starter\3.5.6\spring-boot-starter-3.5.6.jar;C:\Users\Asus\.m2\repository\org\springframework\boot\spring-boot\3.5.6\spring-boot-3.5.6.jar;C:\Users\Asus\.m2\repository\org\springframework\boot\spring-boot-autoconfigure\3.5.6\spring-boot-autoconfigure-3.5.6.jar;C:\Users\Asus\.m2\repository\org\springframework\boot\spring-boot-starter-logging\3.5.6\spring-boot-starter-logging-3.5.6.jar;C:\Users\Asus\.m2\repository\ch\qos\logback\logback-classic\1.5.18\logback-classic-1.5.18.jar;C:\Users\Asus\.m2\repository\ch\qos\logback\logback-core\1.5.18\logback-core-1.5.18.jar;C:\Users\Asus\.m2\repository\org\apache\logging\log4j\log4j-to-slf4j\2.24.3\log4j-to-slf4j-2.24.3.jar;C:\Users\Asus\.m2\repository\org\apache\logging\log4j\log4j-api\2.24.3\log4j-api-2.24.3.jar;C:\Users\Asus\.m2\repository\org\slf4j\jul-to-slf4j\2.0.17\jul-to-slf4j-2.0.17.jar;C:\Users\Asus\.m2\repository\jakarta\annotation\jakarta.annotation-api\2.1.1\jakarta.annotation-api-2.1.1.jar;C:\Users\Asus\.m2\repository\org\yaml\snakeyaml\2.4\snakeyaml-2.4.jar;C:\Users\Asus\.m2\repository\org\springframework\boot\spring-boot-starter-actuator\3.5.6\spring-boot-starter-actuator-3.5.6.jar;C:\Users\Asus\.m2\repository\org\springframework\boot\spring-boot-actuator-autoconfigure\3.5.6\spring-boot-actuator-autoconfigure-3.5.6.jar;C:\Users\Asus\.m2\repository\org\springframework\boot\spring-boot-actuator\3.5.6\spring-boot-actuator-3.5.6.jar;C:\Users\Asus\.m2\repository\io\micrometer\micrometer-observation\1.15.4\micrometer-observation-1.15.4.jar;C:\Users\Asus\.m2\repository\io\micrometer\micrometer-commons\1.15.4\micrometer-commons-1.15.4.jar;C:\Users\Asus\.m2\repository\io\micrometer\micrometer-jakarta9\1.15.4\micrometer-jakarta9-1.15.4.jar;C:\Users\Asus\.m2\repository\io\micrometer\micrometer-core\1.15.4\micrometer-core-1.15.4.jar;C:\Users\Asus\.m2\repository\org\hdrhistogram\HdrHistogram\2.2.2\HdrHistogram-2.2.2.jar;C:\Users\Asus\.m2\repository\org\latencyutils\LatencyUtils\2.0.3\LatencyUtils-2.0.3.jar;C:\Users\Asus\.m2\repository\org\springframework\boot\spring-boot-starter-security\3.5.6\spring-boot-starter-security-3.5.6.jar;C:\Users\Asus\.m2\repository\org\springframework\spring-aop\6.2.11\spring-aop-6.2.11.jar;C:\Users\Asus\.m2\repository\org\springframework\security\spring-security-config\6.5.5\spring-security-config-6.5.5.jar;C:\Users\Asus\.m2\repository\org\springframework\security\spring-security-web\6.5.5\spring-security-web-6.5.5.jar;C:\Users\Asus\.m2\repository\org\springframework\security\spring-security-core\6.5.5\spring-security-core-6.5.5.jar;C:\Users\Asus\.m2\repository\org\springframework\security\spring-security-crypto\6.5.5\spring-security-crypto-6.5.5.jar
Launcher Type: SUN_STANDARD

[Global flags]
     intx CICompilerCount                          = 3                                         {product} {ergonomic}
     uint ConcGCThreads                            = 1                                         {product} {ergonomic}
     uint G1ConcRefinementThreads                  = 4                                         {product} {ergonomic}
   size_t G1HeapRegionSize                         = 1048576                                   {product} {ergonomic}
    uintx GCDrainStackTargetSize                   = 64                                        {product} {ergonomic}
   size_t InitialHeapSize                          = 67108864                                  {product} {ergonomic}
   size_t MarkStackSize                            = 4194304                                   {product} {ergonomic}
   size_t MaxHeapSize                              = 1050673152                                {product} {ergonomic}
   size_t MaxNewSize                               = 630194176                                 {product} {ergonomic}
   size_t MinHeapDeltaBytes                        = 1048576                                   {product} {ergonomic}
   size_t MinHeapSize                              = 8388608                                   {product} {ergonomic}
    uintx NonNMethodCodeHeapSize                   = 5832780                                {pd product} {ergonomic}
    uintx NonProfiledCodeHeapSize                  = 122912730                              {pd product} {ergonomic}
    uintx ProfiledCodeHeapSize                     = 122912730                              {pd product} {ergonomic}
    uintx ReservedCodeCacheSize                    = 251658240                              {pd product} {ergonomic}
     bool SegmentedCodeCache                       = true                                      {product} {ergonomic}
     bool ShowCodeDetailsInExceptionMessages       = true                                   {manageable} {command line}
   size_t SoftMaxHeapSize                          = 1050673152                             {manageable} {ergonomic}
     bool UseCompressedOops                        = true                           {product lp64_product} {ergonomic}
     bool UseG1GC                                  = true                                      {product} {ergonomic}
     bool UseLargePagesIndividualAllocation        = false                                  {pd product} {ergonomic}

Logging:
Log output configuration:
 #0: stdout all=warning uptime,level,tags foldmultilines=false
 #1: stderr all=off uptime,level,tags foldmultilines=false

Environment Variables:
CLASSPATH=.;c:\test
PATH=C:/eclipse//plugins/org.eclipse.justj.openjdk.hotspot.jre.full.win32.x86_64_21.0.6.v20250130-0529/jre/bin/server;C:/eclipse//plugins/org.eclipse.justj.openjdk.hotspot.jre.full.win32.x86_64_21.0.6.v20250130-0529/jre/bin;C:\Python313\Scripts\;C:\Python313\;C:\Program Files\Common Files\Oracle\Java\javapath;D:\ORACLE\db_home\bin;C:\Program Files\Python311\Scripts\;C:\Program Files\Python311\;C:\Program Files\Python312\Scripts\;C:\Program Files\Python312\;C:\WINDOWS\system32;C:\WINDOWS;C:\WINDOWS\System32\Wbem;C:\WINDOWS\System32\WindowsPowerShell\v1.0\;C:\WINDOWS\System32\OpenSSH\;C:\Program Files\Java\jdk-21\bin;C:\Program Files\MySQL\MySQL Server 8.0\bin;C:\Program Files\Python312;C:\ProgramData\chocolatey\bin;C:\Program Files\nodejs\;C:\Program Files\MongoDB\Server\8.0\bin;D:\Git\cmd;C:\Program Files\MySQL\MySQL Shell 8.0\bin\;C:\Users\Asus\AppData\Local\Microsoft\WindowsApps;C:\Users\Asus\AppData\Local\Programs\Microsoft VS Code\bin;C:\Program Files\Python312;C:\Users\Asus\AppData\Roaming\npm;C:\Mongosh\;C:\Program Files\JetBrains\IntelliJ IDEA 2025.2.2\bin;C:\eclipse;
USERNAME=Asus
OS=Windows_NT
PROCESSOR_IDENTIFIER=Intel64 Family 6 Model 42 Stepping 7, GenuineIntel
TMP=C:\Users\Asus\AppData\Local\Temp
TEMP=C:\Users\Asus\AppData\Local\Temp




Periodic native trim disabled

---------------  S Y S T E M  ---------------

OS:
 Windows 10 , 64 bit Build 19041 (10.0.19041.5915)
OS uptime: 0 days 8:56 hours

CPU: total 4 (initial active 4) (2 cores per cpu, 2 threads per core) family 6 model 42 stepping 7 microcode 0x2f, cx8, cmov, fxsr, ht, mmx, sse, sse2, sse3, ssse3, sse4.1, sse4.2, popcnt, tsc, tscinvbit, avx, aes, clmul, vzeroupper, clflush, rdtscp
Processor Information for the first 4 processors :
  Max Mhz: 2401, Current Mhz: 2401, Mhz Limit: 2401

Memory: 4k page, system-wide physical 4006M (101M free)
TotalPageFile size 16294M (AvailPageFile size 7M)
current process WorkingSet (physical memory assigned to process): 37M, peak: 274M
current process commit charge ("private bytes"): 278M, peak: 296M

vm_info: OpenJDK 64-Bit Server VM (21.0.6+7-LTS) for windows-amd64 JRE (21.0.6+7-LTS), built on 2025-01-21T00:00:00Z by "admin" with MS VC++ 17.7 (VS2022)

END.
